yarn run v1.22.22
$ storybook build --output-dir=/private/var/folders/y9/tpdvws_14d950zy6llz6tt000000gn/T/chromatic--18028-YGMWxYNspEUW
[1m@storybook/core v8.6.18
[22m
info => Cleaning outputDir: [36m../../../../../../../../private/var/folders/y9/tpdvws_14d950zy6llz6tt000000gn/T/chromatic--18028-YGMWxYNspEUW[39m
info => Loading presets
info => Building manager..
info => Manager built ([38;2;181;126;229m92 ms[39m)
info => Building preview..
info Using tsconfig paths for react-docgen
[36mvite v6.4.2 [32mbuilding for production...[36m[39m
transforming...
[32m✓[39m 618 modules transformed.
rendering chunks...
computing gzip size...
[2m../../../../../../../../private/var/folders/y9/tpdvws_14d950zy6llz6tt000000gn/T/chromatic--18028-YGMWxYNspEUW/[22m[32miframe.html                               [39m[1m[2m 17.55 kB[22m[1m[22m[2m │ gzip:   4.98 kB[22m
[2m../../../../../../../../private/var/folders/y9/tpdvws_14d950zy6llz6tt000000gn/T/chromatic--18028-YGMWxYNspEUW/[22m[2massets/[22m[36mreact-FmFgRqLi.js                  [39m[1m[2m  0.03 kB[22m[1m[22m[2m │ gzip:   0.05 kB[22m
[2m../../../../../../../../private/var/folders/y9/tpdvws_14d950zy6llz6tt000000gn/T/chromatic--18028-YGMWxYNspEUW/[22m[2massets/[22m[36mpreview-CvbIS5ZJ.js                [39m[1m[2m  0.18 kB[22m[1m[22m[2m │ gzip:   0.16 kB[22m
[2m../../../../../../../../private/var/folders/y9/tpdvws_14d950zy6llz6tt000000gn/T/chromatic--18028-YGMWxYNspEUW/[22m[2massets/[22m[36mcolors-CxZI--_0.js                 [39m[1m[2m  0.22 kB[22m[1m[22m[2m │ gzip:   0.17 kB[22m
[2m../../../../../../../../private/var/folders/y9/tpdvws_14d950zy6llz6tt000000gn/T/chromatic--18028-YGMWxYNspEUW/[22m[2massets/[22m[36mindex-CXZmCDMH.js                  [39m[1m[2m  0.42 kB[22m[1m[22m[2m │ gzip:   0.27 kB[22m
[2m../../../../../../../../private/var/folders/y9/tpdvws_14d950zy6llz6tt000000gn/T/chromatic--18028-YGMWxYNspEUW/[22m[2massets/[22m[36mindex-PBh4SHVT.js                  [39m[1m[2m  0.45 kB[22m[1m[22m[2m │ gzip:   0.30 kB[22m
[2m../../../../../../../../private/var/folders/y9/tpdvws_14d950zy6llz6tt000000gn/T/chromatic--18028-YGMWxYNspEUW/[22m[2massets/[22m[36mTitle-CElfNfM7.js                  [39m[1m[2m  0.52 kB[22m[1m[22m[2m │ gzip:   0.38 kB[22m
[2m../../../../../../../../private/var/folders/y9/tpdvws_14d950zy6llz6tt000000gn/T/chromatic--18028-YGMWxYNspEUW/[22m[2massets/[22m[36mchunk-XP5HYGXS-BHXC9YeQ.js         [39m[1m[2m  0.71 kB[22m[1m[22m[2m │ gzip:   0.40 kB[22m
[2m../../../../../../../../private/var/folders/y9/tpdvws_14d950zy6llz6tt000000gn/T/chromatic--18028-YGMWxYNspEUW/[22m[2massets/[22m[36mpreview-DGUiP6tS.js                [39m[1m[2m  0.71 kB[22m[1m[22m[2m │ gzip:   0.49 kB[22m
[2m../../../../../../../../private/var/folders/y9/tpdvws_14d950zy6llz6tt000000gn/T/chromatic--18028-YGMWxYNspEUW/[22m[2massets/[22m[36mjsx-runtime-D_zvdyIk.js            [39m[1m[2m  0.73 kB[22m[1m[22m[2m │ gzip:   0.46 kB[22m
[2m../../../../../../../../private/var/folders/y9/tpdvws_14d950zy6llz6tt000000gn/T/chromatic--18028-YGMWxYNspEUW/[22m[2massets/[22m[36mindex-DrFu-skq.js                  [39m[1m[2m  0.77 kB[22m[1m[22m[2m │ gzip:   0.47 kB[22m
[2m../../../../../../../../private/var/folders/y9/tpdvws_14d950zy6llz6tt000000gn/T/chromatic--18028-YGMWxYNspEUW/[22m[2massets/[22m[36mreact-18-DWztKq9n.js               [39m[1m[2m  0.77 kB[22m[1m[22m[2m │ gzip:   0.46 kB[22m
[2m../../../../../../../../private/var/folders/y9/tpdvws_14d950zy6llz6tt000000gn/T/chromatic--18028-YGMWxYNspEUW/[22m[2massets/[22m[36mpreview-CNt2BTsh.js                [39m[1m[2m  0.87 kB[22m[1m[22m[2m │ gzip:   0.55 kB[22m
[2m../../../../../../../../private/var/folders/y9/tpdvws_14d950zy6llz6tt000000gn/T/chromatic--18028-YGMWxYNspEUW/[22m[2massets/[22m[36mtest-utils-B5XON6sG.js             [39m[1m[2m  1.12 kB[22m[1m[22m[2m │ gzip:   0.69 kB[22m
[2m../../../../../../../../private/var/folders/y9/tpdvws_14d950zy6llz6tt000000gn/T/chromatic--18028-YGMWxYNspEUW/[22m[2massets/[22m[36mutils-C7mKRcUD.js                  [39m[1m[2m  1.38 kB[22m[1m[22m[2m │ gzip:   0.41 kB[22m
[2m../../../../../../../../private/var/folders/y9/tpdvws_14d950zy6llz6tt000000gn/T/chromatic--18028-YGMWxYNspEUW/[22m[2massets/[22m[36mSafeAreaContext-CVB4DTND.js        [39m[1m[2m  1.38 kB[22m[1m[22m[2m │ gzip:   0.77 kB[22m
[2m../../../../../../../../private/var/folders/y9/tpdvws_14d950zy6llz6tt000000gn/T/chromatic--18028-YGMWxYNspEUW/[22m[2massets/[22m[36mPortal-IsXulYEL.js                 [39m[1m[2m  1.39 kB[22m[1m[22m[2m │ gzip:   0.71 kB[22m
[2m../../../../../../../../private/var/folders/y9/tpdvws_14d950zy6llz6tt000000gn/T/chromatic--18028-YGMWxYNspEUW/[22m[2massets/[22m[36mIcon-_HNy5iS-.js                   [39m[1m[2m  1.48 kB[22m[1m[22m[2m │ gzip:   0.76 kB[22m
[2m../../../../../../../../private/var/folders/y9/tpdvws_14d950zy6llz6tt000000gn/T/chromatic--18028-YGMWxYNspEUW/[22m[2massets/[22m[36msettings-m56gb_ct.js               [39m[1m[2m  1.58 kB[22m[1m[22m[2m │ gzip:   0.85 kB[22m
[2m../../../../../../../../private/var/folders/y9/tpdvws_14d950zy6llz6tt000000gn/T/chromatic--18028-YGMWxYNspEUW/[22m[2massets/[22m[36mMenu.stories-Bv7n8Ryx.js           [39m[1m[2m  2.08 kB[22m[1m[22m[2m │ gzip:   0.95 kB[22m
[2m../../../../../../../../private/var/folders/y9/tpdvws_14d950zy6llz6tt000000gn/T/chromatic--18028-YGMWxYNspEUW/[22m[2massets/[22m[36maddEventListener-DK-nKBVA.js       [39m[1m[2m  2.22 kB[22m[1m[22m[2m │ gzip:   0.99 kB[22m
[2m../../../../../../../../private/var/folders/y9/tpdvws_14d950zy6llz6tt000000gn/T/chromatic--18028-YGMWxYNspEUW/[22m[2massets/[22m[36mActivityIndicator-D8goyR48.js      [39m[1m[2m  2.38 kB[22m[1m[22m[2m │ gzip:   1.19 kB[22m
[2m../../../../../../../../private/var/folders/y9/tpdvws_14d950zy6llz6tt000000gn/T/chromatic--18028-YGMWxYNspEUW/[22m[2massets/[22m[36mButton.stories-CKqB2Vds.js         [39m[1m[2m  2.52 kB[22m[1m[22m[2m │ gzip:   0.89 kB[22m
[2m../../../../../../../../private/var/folders/y9/tpdvws_14d950zy6llz6tt000000gn/T/chromatic--18028-YGMWxYNspEUW/[22m[2massets/[22m[36mText-CMp0dIXE.js                   [39m[1m[2m  2.62 kB[22m[1m[22m[2m │ gzip:   1.02 kB[22m
[2m../../../../../../../../private/var/folders/y9/tpdvws_14d950zy6llz6tt000000gn/T/chromatic--18028-YGMWxYNspEUW/[22m[2massets/[22m[36mTouchableRipple-CKibDjCC.js        [39m[1m[2m  3.46 kB[22m[1m[22m[2m │ gzip:   1.55 kB[22m
[2m../../../../../../../../private/var/folders/y9/tpdvws_14d950zy6llz6tt000000gn/T/chromatic--18028-YGMWxYNspEUW/[22m[2massets/[22m[36mpreview-DD_OYowb.js                [39m[1m[2m  3.51 kB[22m[1m[22m[2m │ gzip:   1.69 kB[22m
[2m../../../../../../../../private/var/folders/y9/tpdvws_14d950zy6llz6tt000000gn/T/chromatic--18028-YGMWxYNspEUW/[22m[2massets/[22m[36mSelect.stories-UzgDQv_P.js         [39m[1m[2m  3.60 kB[22m[1m[22m[2m │ gzip:   1.40 kB[22m
[2m../../../../../../../../private/var/folders/y9/tpdvws_14d950zy6llz6tt000000gn/T/chromatic--18028-YGMWxYNspEUW/[22m[2massets/[22m[36mpreview-CcKsd-tP.js                [39m[1m[2m  3.61 kB[22m[1m[22m[2m │ gzip:   1.57 kB[22m
[2m../../../../../../../../private/var/folders/y9/tpdvws_14d950zy6llz6tt000000gn/T/chromatic--18028-YGMWxYNspEUW/[22m[2massets/[22m[36mSurface-Bpg8zlhC.js                [39m[1m[2m  4.36 kB[22m[1m[22m[2m │ gzip:   1.85 kB[22m
[2m../../../../../../../../private/var/folders/y9/tpdvws_14d950zy6llz6tt000000gn/T/chromatic--18028-YGMWxYNspEUW/[22m[2massets/[22m[36mIconButton-yYP5X-8d.js             [39m[1m[2m  4.37 kB[22m[1m[22m[2m │ gzip:   1.80 kB[22m
[2m../../../../../../../../private/var/folders/y9/tpdvws_14d950zy6llz6tt000000gn/T/chromatic--18028-YGMWxYNspEUW/[22m[2massets/[22m[36mpreview-B8lJiyuQ.js                [39m[1m[2m  5.06 kB[22m[1m[22m[2m │ gzip:   1.89 kB[22m
[2m../../../../../../../../private/var/folders/y9/tpdvws_14d950zy6llz6tt000000gn/T/chromatic--18028-YGMWxYNspEUW/[22m[2massets/[22m[36mSnackbar.stories-w_GZvVyb.js       [39m[1m[2m  5.74 kB[22m[1m[22m[2m │ gzip:   2.51 kB[22m
[2m../../../../../../../../private/var/folders/y9/tpdvws_14d950zy6llz6tt000000gn/T/chromatic--18028-YGMWxYNspEUW/[22m[2massets/[22m[36mCheckbox.stories-BoZRE5AZ.js       [39m[1m[2m  7.35 kB[22m[1m[22m[2m │ gzip:   2.51 kB[22m
[2m../../../../../../../../private/var/folders/y9/tpdvws_14d950zy6llz6tt000000gn/T/chromatic--18028-YGMWxYNspEUW/[22m[2massets/[22m[36mpreview-BWzBA1C2.js                [39m[1m[2m  7.62 kB[22m[1m[22m[2m │ gzip:   1.57 kB[22m
[2m../../../../../../../../private/var/folders/y9/tpdvws_14d950zy6llz6tt000000gn/T/chromatic--18028-YGMWxYNspEUW/[22m[2massets/[22m[36mButton-DWLW-YGN.js                 [39m[1m[2m  7.66 kB[22m[1m[22m[2m │ gzip:   2.83 kB[22m
[2m../../../../../../../../private/var/folders/y9/tpdvws_14d950zy6llz6tt000000gn/T/chromatic--18028-YGMWxYNspEUW/[22m[2massets/[22m[36mpreview-BBWR9nbA.js                [39m[1m[2m  8.12 kB[22m[1m[22m[2m │ gzip:   3.08 kB[22m
[2m../../../../../../../../private/var/folders/y9/tpdvws_14d950zy6llz6tt000000gn/T/chromatic--18028-YGMWxYNspEUW/[22m[2massets/[22m[36mRadio.stories-DX-VwGS5.js          [39m[1m[2m  8.43 kB[22m[1m[22m[2m │ gzip:   2.85 kB[22m
[2m../../../../../../../../private/var/folders/y9/tpdvws_14d950zy6llz6tt000000gn/T/chromatic--18028-YGMWxYNspEUW/[22m[2massets/[22m[36mDialog.stories-DUicIkM1.js         [39m[1m[2m  8.60 kB[22m[1m[22m[2m │ gzip:   3.27 kB[22m
[2m../../../../../../../../private/var/folders/y9/tpdvws_14d950zy6llz6tt000000gn/T/chromatic--18028-YGMWxYNspEUW/[22m[2massets/[22m[36mindex-Bzu5AfrN.js                  [39m[1m[2m  8.87 kB[22m[1m[22m[2m │ gzip:   3.42 kB[22m
[2m../../../../../../../../private/var/folders/y9/tpdvws_14d950zy6llz6tt000000gn/T/chromatic--18028-YGMWxYNspEUW/[22m[2massets/[22m[36mMenu-BE1QKhGI.js                   [39m[1m[2m  9.02 kB[22m[1m[22m[2m │ gzip:   3.58 kB[22m
[2m../../../../../../../../private/var/folders/y9/tpdvws_14d950zy6llz6tt000000gn/T/chromatic--18028-YGMWxYNspEUW/[22m[2massets/[22m[36mCard.stories-iCkOzsDn.js           [39m[1m[2m  9.96 kB[22m[1m[22m[2m │ gzip:   3.63 kB[22m
[2m../../../../../../../../private/var/folders/y9/tpdvws_14d950zy6llz6tt000000gn/T/chromatic--18028-YGMWxYNspEUW/[22m[2massets/[22m[36mAppBar.stories-BbdSD_nK.js         [39m[1m[2m 10.96 kB[22m[1m[22m[2m │ gzip:   3.81 kB[22m
[2m../../../../../../../../private/var/folders/y9/tpdvws_14d950zy6llz6tt000000gn/T/chromatic--18028-YGMWxYNspEUW/[22m[2massets/[22m[36mColor-YHDXOIA2-BVWvF4hA.js         [39m[1m[2m 29.32 kB[22m[1m[22m[2m │ gzip:  10.92 kB[22m
[2m../../../../../../../../private/var/folders/y9/tpdvws_14d950zy6llz6tt000000gn/T/chromatic--18028-YGMWxYNspEUW/[22m[2massets/[22m[36mentry-preview-CXJM4BOC.js          [39m[1m[2m 29.75 kB[22m[1m[22m[2m │ gzip:   9.47 kB[22m
[2m../../../../../../../../private/var/folders/y9/tpdvws_14d950zy6llz6tt000000gn/T/chromatic--18028-YGMWxYNspEUW/[22m[2massets/[22m[36mInput.stories-BgF0Hg_w.js          [39m[1m[2m 37.70 kB[22m[1m[22m[2m │ gzip:  11.83 kB[22m
[2m../../../../../../../../private/var/folders/y9/tpdvws_14d950zy6llz6tt000000gn/T/chromatic--18028-YGMWxYNspEUW/[22m[2massets/[22m[36mindex-DgH-xKnr.js                  [39m[1m[2m 57.15 kB[22m[1m[22m[2m │ gzip:  16.22 kB[22m
[2m../../../../../../../../private/var/folders/y9/tpdvws_14d950zy6llz6tt000000gn/T/chromatic--18028-YGMWxYNspEUW/[22m[2massets/[22m[36mtheming-BRW4FC2e.js                [39m[1m[2m117.50 kB[22m[1m[22m[2m │ gzip:  38.02 kB[22m
[2m../../../../../../../../private/var/folders/y9/tpdvws_14d950zy6llz6tt000000gn/T/chromatic--18028-YGMWxYNspEUW/[22m[2massets/[22m[36mhasTouchHandler-CIWtZc8s.js        [39m[1m[2m132.54 kB[22m[1m[22m[2m │ gzip:  38.52 kB[22m
[2m../../../../../../../../private/var/folders/y9/tpdvws_14d950zy6llz6tt000000gn/T/chromatic--18028-YGMWxYNspEUW/[22m[2massets/[22m[36mclient-DGt6RzLZ.js                 [39m[1m[2m184.90 kB[22m[1m[22m[2m │ gzip:  57.76 kB[22m
[2m../../../../../../../../private/var/folders/y9/tpdvws_14d950zy6llz6tt000000gn/T/chromatic--18028-YGMWxYNspEUW/[22m[2massets/[22m[36miframe-_KvYmvY_.js                 [39m[1m[2m214.15 kB[22m[1m[22m[2m │ gzip:  71.95 kB[22m
[2m../../../../../../../../private/var/folders/y9/tpdvws_14d950zy6llz6tt000000gn/T/chromatic--18028-YGMWxYNspEUW/[22m[2massets/[22m[36mentry-preview-docs-BSPDYDhm.js     [39m[1m[2m247.08 kB[22m[1m[22m[2m │ gzip:  72.53 kB[22m
[2m../../../../../../../../private/var/folders/y9/tpdvws_14d950zy6llz6tt000000gn/T/chromatic--18028-YGMWxYNspEUW/[22m[2massets/[22m[36mDocsRenderer-CFRXHY34-4FDrR1ES.js  [39m[1m[33m888.11 kB[39m[22m[2m │ gzip: 274.05 kB[22m
[32m✓ built in 1.70s[39m
info => Preview built ([38;2;181;126;229m2.46 s[39m)
info => Output directory: /private/var/folders/y9/tpdvws_14d950zy6llz6tt000000gn/T/chromatic--18028-YGMWxYNspEUW
Done in 3.67s.
